10-05-2023 20:48:33.884 [main] INFO  m.p.s.DotenvPropertySource.addToEnvironment - Initializing Dotenv with DotenvConfig{directory=null, filename=null, ignoreIfMalformed=false, ignoreIfMissing=true, systemProperties=false, prefix=null}
10-05-2023 20:48:33.973 [main] INFO  ai.openfabric.api.Application.logStarting - Starting Application using Java 11.0.16.1 on Ashutosh with PID 16920 (C:\Users\Admin\Downloads\openfabric-test\openfabric-api\bin\main started by Admin in C:\Users\Admin\Downloads\openfabric-test)
10-05-2023 20:48:33.980 [main] INFO  ai.openfabric.api.Application.logStartupProfileInfo - The following 2 profiles are active: "base", "local"
10-05-2023 20:48:36.980 [main] INFO  o.s.d.r.c.RepositoryConfigurationDelegate.registerRepositoriesIn - Bootstrapping Spring Data JPA repositories in DEFAULT mode.
10-05-2023 20:48:37.314 [main] INFO  o.s.d.r.c.RepositoryConfigurationDelegate.registerRepositoriesIn - Finished Spring Data repository scanning in 300 ms. Found 1 JPA repository interfaces.
10-05-2023 20:48:40.346 [main] INFO  o.s.b.w.e.tomcat.TomcatWebServer.initialize - Tomcat initialized with port(s): 8080 (http)
10-05-2023 20:48:40.407 [main] INFO  o.a.coyote.http11.Http11NioProtocol.log - Initializing ProtocolHandler ["http-nio-8080"]
10-05-2023 20:48:40.411 [main] INFO  o.a.catalina.core.StandardService.log - Starting service [Tomcat]
10-05-2023 20:48:40.420 [main] INFO  o.a.catalina.core.StandardEngine.log - Starting Servlet engine: [Apache Tomcat/9.0.68]
10-05-2023 20:48:40.826 [main] INFO  o.a.c.c.C.[Tomcat].[localhost].[/].log - Initializing Spring embedded WebApplicationContext
10-05-2023 20:48:40.829 [main] INFO  o.s.b.w.s.c.ServletWebServerApplicationContext.prepareWebApplicationContext - Root WebApplicationContext: initialization completed in 6626 ms
10-05-2023 20:48:41.464 [main] INFO  com.zaxxer.hikari.HikariDataSource.getConnection - HikariPool-1 - Starting...
10-05-2023 20:48:42.910 [main] ERROR com.zaxxer.hikari.pool.HikariPool.throwPoolInitializationException - HikariPool-1 - Exception during pool initialization.
org.postgresql.util.PSQLException: FATAL: password authentication failed for user "openfabric"
	at org.postgresql.core.v3.ConnectionFactoryImpl.doAuthentication(ConnectionFactoryImpl.java:659)
	at org.postgresql.core.v3.ConnectionFactoryImpl.tryConnect(ConnectionFactoryImpl.java:180)
	at org.postgresql.core.v3.ConnectionFactoryImpl.openConnectionImpl(ConnectionFactoryImpl.java:235)
	at org.postgresql.core.ConnectionFactory.openConnection(ConnectionFactory.java:49)
	at org.postgresql.jdbc.PgConnection.<init>(PgConnection.java:247)
	at org.postgresql.Driver.makeConnection(Driver.java:434)
	at org.postgresql.Driver.connect(Driver.java:291)
	at com.zaxxer.hikari.util.DriverDataSource.getConnection(DriverDataSource.java:138)
	at com.zaxxer.hikari.pool.PoolBase.newConnection(PoolBase.java:364)
	at com.zaxxer.hikari.pool.PoolBase.newPoolEntry(PoolBase.java:206)
	at com.zaxxer.hikari.pool.HikariPool.createPoolEntry(HikariPool.java:476)
	at com.zaxxer.hikari.pool.HikariPool.checkFailFast(HikariPool.java:561)
	at com.zaxxer.hikari.pool.HikariPool.<init>(HikariPool.java:115)
	at com.zaxxer.hikari.HikariDataSource.getConnection(HikariDataSource.java:112)
	at liquibase.integration.spring.SpringLiquibase.afterPropertiesSet(SpringLiquibase.java:280)
	at org.springframework.beans.factory.support.AbstractAutowireCapableBeanFactory.invokeInitMethods(AbstractAutowireCapableBeanFactory.java:1863)
	at org.springframework.beans.factory.support.AbstractAutowireCapableBeanFactory.initializeBean(AbstractAutowireCapableBeanFactory.java:1800)
	at org.springframework.beans.factory.support.AbstractAutowireCapableBeanFactory.doCreateBean(AbstractAutowireCapableBeanFactory.java:620)
	at org.springframework.beans.factory.support.AbstractAutowireCapableBeanFactory.createBean(AbstractAutowireCapableBeanFactory.java:542)
	at org.springframework.beans.factory.support.AbstractBeanFactory.lambda$doGetBean$0(AbstractBeanFactory.java:335)
	at org.springframework.beans.factory.support.DefaultSingletonBeanRegistry.getSingleton(DefaultSingletonBeanRegistry.java:234)
	at org.springframework.beans.factory.support.AbstractBeanFactory.doGetBean(AbstractBeanFactory.java:333)
	at org.springframework.beans.factory.support.AbstractBeanFactory.getBean(AbstractBeanFactory.java:208)
	at org.springframework.beans.factory.support.AbstractBeanFactory.doGetBean(AbstractBeanFactory.java:322)
	at org.springframework.beans.factory.support.AbstractBeanFactory.getBean(AbstractBeanFactory.java:208)
	at org.springframework.context.support.AbstractApplicationContext.getBean(AbstractApplicationContext.java:1154)
	at org.springframework.context.support.AbstractApplicationContext.finishBeanFactoryInitialization(AbstractApplicationContext.java:908)
	at org.springframework.context.support.AbstractApplicationContext.refresh(AbstractApplicationContext.java:583)
	at org.springframework.boot.web.servlet.context.ServletWebServerApplicationContext.refresh(ServletWebServerApplicationContext.java:147)
	at org.springframework.boot.SpringApplication.refresh(SpringApplication.java:734)
	at org.springframework.boot.SpringApplication.refreshContext(SpringApplication.java:408)
	at org.springframework.boot.SpringApplication.run(SpringApplication.java:308)
	at org.springframework.boot.SpringApplication.run(SpringApplication.java:1306)
	at org.springframework.boot.SpringApplication.run(SpringApplication.java:1295)
	at ai.openfabric.api.Application.main(Application.java:13)
10-05-2023 20:48:42.949 [main] WARN  o.s.b.w.s.c.AnnotationConfigServletWebServerApplicationContext.refresh - Exception encountered during context initialization - cancelling refresh attempt: org.springframework.beans.factory.BeanCreationException: Error creating bean with name 'liquibase' defined in class path resource [org/springframework/boot/autoconfigure/liquibase/LiquibaseAutoConfiguration$LiquibaseConfiguration.class]: Invocation of init method failed; nested exception is liquibase.exception.DatabaseException: org.postgresql.util.PSQLException: FATAL: password authentication failed for user "openfabric"
10-05-2023 20:48:42.972 [main] INFO  o.a.catalina.core.StandardService.log - Stopping service [Tomcat]
10-05-2023 20:48:43.010 [main] INFO  o.s.b.a.l.ConditionEvaluationReportLoggingListener.logMessage - 

Error starting ApplicationContext. To display the conditions report re-run your application with 'debug' enabled.
10-05-2023 20:48:43.124 [main] ERROR o.s.boot.SpringApplication.reportFailure - Application run failed
org.springframework.beans.factory.BeanCreationException: Error creating bean with name 'liquibase' defined in class path resource [org/springframework/boot/autoconfigure/liquibase/LiquibaseAutoConfiguration$LiquibaseConfiguration.class]: Invocation of init method failed; nested exception is liquibase.exception.DatabaseException: org.postgresql.util.PSQLException: FATAL: password authentication failed for user "openfabric"
	at org.springframework.beans.factory.support.AbstractAutowireCapableBeanFactory.initializeBean(AbstractAutowireCapableBeanFactory.java:1804)
	at org.springframework.beans.factory.support.AbstractAutowireCapableBeanFactory.doCreateBean(AbstractAutowireCapableBeanFactory.java:620)
	at org.springframework.beans.factory.support.AbstractAutowireCapableBeanFactory.createBean(AbstractAutowireCapableBeanFactory.java:542)
	at org.springframework.beans.factory.support.AbstractBeanFactory.lambda$doGetBean$0(AbstractBeanFactory.java:335)
	at org.springframework.beans.factory.support.DefaultSingletonBeanRegistry.getSingleton(DefaultSingletonBeanRegistry.java:234)
	at org.springframework.beans.factory.support.AbstractBeanFactory.doGetBean(AbstractBeanFactory.java:333)
	at org.springframework.beans.factory.support.AbstractBeanFactory.getBean(AbstractBeanFactory.java:208)
	at org.springframework.beans.factory.support.AbstractBeanFactory.doGetBean(AbstractBeanFactory.java:322)
	at org.springframework.beans.factory.support.AbstractBeanFactory.getBean(AbstractBeanFactory.java:208)
	at org.springframework.context.support.AbstractApplicationContext.getBean(AbstractApplicationContext.java:1154)
	at org.springframework.context.support.AbstractApplicationContext.finishBeanFactoryInitialization(AbstractApplicationContext.java:908)
	at org.springframework.context.support.AbstractApplicationContext.refresh(AbstractApplicationContext.java:583)
	at org.springframework.boot.web.servlet.context.ServletWebServerApplicationContext.refresh(ServletWebServerApplicationContext.java:147)
	at org.springframework.boot.SpringApplication.refresh(SpringApplication.java:734)
	at org.springframework.boot.SpringApplication.refreshContext(SpringApplication.java:408)
	at org.springframework.boot.SpringApplication.run(SpringApplication.java:308)
	at org.springframework.boot.SpringApplication.run(SpringApplication.java:1306)
	at org.springframework.boot.SpringApplication.run(SpringApplication.java:1295)
	at ai.openfabric.api.Application.main(Application.java:13)
Caused by: liquibase.exception.DatabaseException: org.postgresql.util.PSQLException: FATAL: password authentication failed for user "openfabric"
	at liquibase.integration.spring.SpringLiquibase.afterPropertiesSet(SpringLiquibase.java:285)
	at org.springframework.beans.factory.support.AbstractAutowireCapableBeanFactory.invokeInitMethods(AbstractAutowireCapableBeanFactory.java:1863)
	at org.springframework.beans.factory.support.AbstractAutowireCapableBeanFactory.initializeBean(AbstractAutowireCapableBeanFactory.java:1800)
	... 18 common frames omitted
Caused by: org.postgresql.util.PSQLException: FATAL: password authentication failed for user "openfabric"
	at org.postgresql.core.v3.ConnectionFactoryImpl.doAuthentication(ConnectionFactoryImpl.java:659)
	at org.postgresql.core.v3.ConnectionFactoryImpl.tryConnect(ConnectionFactoryImpl.java:180)
	at org.postgresql.core.v3.ConnectionFactoryImpl.openConnectionImpl(ConnectionFactoryImpl.java:235)
	at org.postgresql.core.ConnectionFactory.openConnection(ConnectionFactory.java:49)
	at org.postgresql.jdbc.PgConnection.<init>(PgConnection.java:247)
	at org.postgresql.Driver.makeConnection(Driver.java:434)
	at org.postgresql.Driver.connect(Driver.java:291)
	at com.zaxxer.hikari.util.DriverDataSource.getConnection(DriverDataSource.java:138)
	at com.zaxxer.hikari.pool.PoolBase.newConnection(PoolBase.java:364)
	at com.zaxxer.hikari.pool.PoolBase.newPoolEntry(PoolBase.java:206)
	at com.zaxxer.hikari.pool.HikariPool.createPoolEntry(HikariPool.java:476)
	at com.zaxxer.hikari.pool.HikariPool.checkFailFast(HikariPool.java:561)
	at com.zaxxer.hikari.pool.HikariPool.<init>(HikariPool.java:115)
	at com.zaxxer.hikari.HikariDataSource.getConnection(HikariDataSource.java:112)
	at liquibase.integration.spring.SpringLiquibase.afterPropertiesSet(SpringLiquibase.java:280)
	... 20 common frames omitted
13-05-2023 00:46:30.818 [main] INFO  m.p.s.DotenvPropertySource.addToEnvironment - Initializing Dotenv with DotenvConfig{directory=null, filename=null, ignoreIfMalformed=false, ignoreIfMissing=true, systemProperties=false, prefix=null}
13-05-2023 00:46:30.881 [main] INFO  ai.openfabric.api.Application.logStarting - Starting Application using Java 11.0.16.1 on Ashutosh with PID 5648 (C:\Users\Admin\Downloads\openfabric-test\openfabric-api\bin\main started by Admin in C:\Users\Admin\Downloads\openfabric-test)
13-05-2023 00:46:30.918 [main] INFO  ai.openfabric.api.Application.logStartupProfileInfo - The following 2 profiles are active: "base", "local"
13-05-2023 00:46:34.167 [main] INFO  o.s.d.r.c.RepositoryConfigurationDelegate.registerRepositoriesIn - Bootstrapping Spring Data JPA repositories in DEFAULT mode.
13-05-2023 00:46:34.362 [main] INFO  o.s.d.r.c.RepositoryConfigurationDelegate.registerRepositoriesIn - Finished Spring Data repository scanning in 157 ms. Found 1 JPA repository interfaces.
13-05-2023 00:46:37.567 [main] INFO  o.s.b.w.e.tomcat.TomcatWebServer.initialize - Tomcat initialized with port(s): 8080 (http)
13-05-2023 00:46:37.607 [main] INFO  o.a.coyote.http11.Http11NioProtocol.log - Initializing ProtocolHandler ["http-nio-8080"]
13-05-2023 00:46:37.610 [main] INFO  o.a.catalina.core.StandardService.log - Starting service [Tomcat]
13-05-2023 00:46:37.612 [main] INFO  o.a.catalina.core.StandardEngine.log - Starting Servlet engine: [Apache Tomcat/9.0.68]
13-05-2023 00:46:38.039 [main] INFO  o.a.c.c.C.[Tomcat].[localhost].[/].log - Initializing Spring embedded WebApplicationContext
13-05-2023 00:46:38.040 [main] INFO  o.s.b.w.s.c.ServletWebServerApplicationContext.prepareWebApplicationContext - Root WebApplicationContext: initialization completed in 6894 ms
13-05-2023 00:46:38.510 [main] INFO  com.zaxxer.hikari.HikariDataSource.getConnection - HikariPool-1 - Starting...
13-05-2023 00:46:39.942 [main] ERROR com.zaxxer.hikari.pool.HikariPool.throwPoolInitializationException - HikariPool-1 - Exception during pool initialization.
org.postgresql.util.PSQLException: FATAL: password authentication failed for user "postgress"
	at org.postgresql.core.v3.ConnectionFactoryImpl.doAuthentication(ConnectionFactoryImpl.java:659)
	at org.postgresql.core.v3.ConnectionFactoryImpl.tryConnect(ConnectionFactoryImpl.java:180)
	at org.postgresql.core.v3.ConnectionFactoryImpl.openConnectionImpl(ConnectionFactoryImpl.java:235)
	at org.postgresql.core.ConnectionFactory.openConnection(ConnectionFactory.java:49)
	at org.postgresql.jdbc.PgConnection.<init>(PgConnection.java:247)
	at org.postgresql.Driver.makeConnection(Driver.java:434)
	at org.postgresql.Driver.connect(Driver.java:291)
	at com.zaxxer.hikari.util.DriverDataSource.getConnection(DriverDataSource.java:138)
	at com.zaxxer.hikari.pool.PoolBase.newConnection(PoolBase.java:364)
	at com.zaxxer.hikari.pool.PoolBase.newPoolEntry(PoolBase.java:206)
	at com.zaxxer.hikari.pool.HikariPool.createPoolEntry(HikariPool.java:476)
	at com.zaxxer.hikari.pool.HikariPool.checkFailFast(HikariPool.java:561)
	at com.zaxxer.hikari.pool.HikariPool.<init>(HikariPool.java:115)
	at com.zaxxer.hikari.HikariDataSource.getConnection(HikariDataSource.java:112)
	at liquibase.integration.spring.SpringLiquibase.afterPropertiesSet(SpringLiquibase.java:280)
	at org.springframework.beans.factory.support.AbstractAutowireCapableBeanFactory.invokeInitMethods(AbstractAutowireCapableBeanFactory.java:1863)
	at org.springframework.beans.factory.support.AbstractAutowireCapableBeanFactory.initializeBean(AbstractAutowireCapableBeanFactory.java:1800)
	at org.springframework.beans.factory.support.AbstractAutowireCapableBeanFactory.doCreateBean(AbstractAutowireCapableBeanFactory.java:620)
	at org.springframework.beans.factory.support.AbstractAutowireCapableBeanFactory.createBean(AbstractAutowireCapableBeanFactory.java:542)
	at org.springframework.beans.factory.support.AbstractBeanFactory.lambda$doGetBean$0(AbstractBeanFactory.java:335)
	at org.springframework.beans.factory.support.DefaultSingletonBeanRegistry.getSingleton(DefaultSingletonBeanRegistry.java:234)
	at org.springframework.beans.factory.support.AbstractBeanFactory.doGetBean(AbstractBeanFactory.java:333)
	at org.springframework.beans.factory.support.AbstractBeanFactory.getBean(AbstractBeanFactory.java:208)
	at org.springframework.beans.factory.support.AbstractBeanFactory.doGetBean(AbstractBeanFactory.java:322)
	at org.springframework.beans.factory.support.AbstractBeanFactory.getBean(AbstractBeanFactory.java:208)
	at org.springframework.context.support.AbstractApplicationContext.getBean(AbstractApplicationContext.java:1154)
	at org.springframework.context.support.AbstractApplicationContext.finishBeanFactoryInitialization(AbstractApplicationContext.java:908)
	at org.springframework.context.support.AbstractApplicationContext.refresh(AbstractApplicationContext.java:583)
	at org.springframework.boot.web.servlet.context.ServletWebServerApplicationContext.refresh(ServletWebServerApplicationContext.java:147)
	at org.springframework.boot.SpringApplication.refresh(SpringApplication.java:734)
	at org.springframework.boot.SpringApplication.refreshContext(SpringApplication.java:408)
	at org.springframework.boot.SpringApplication.run(SpringApplication.java:308)
	at org.springframework.boot.SpringApplication.run(SpringApplication.java:1306)
	at org.springframework.boot.SpringApplication.run(SpringApplication.java:1295)
	at ai.openfabric.api.Application.main(Application.java:13)
13-05-2023 00:46:39.964 [main] WARN  o.s.b.w.s.c.AnnotationConfigServletWebServerApplicationContext.refresh - Exception encountered during context initialization - cancelling refresh attempt: org.springframework.beans.factory.BeanCreationException: Error creating bean with name 'liquibase' defined in class path resource [org/springframework/boot/autoconfigure/liquibase/LiquibaseAutoConfiguration$LiquibaseConfiguration.class]: Invocation of init method failed; nested exception is liquibase.exception.DatabaseException: org.postgresql.util.PSQLException: FATAL: password authentication failed for user "postgress"
13-05-2023 00:46:39.975 [main] INFO  o.a.catalina.core.StandardService.log - Stopping service [Tomcat]
13-05-2023 00:46:40.054 [main] INFO  o.s.b.a.l.ConditionEvaluationReportLoggingListener.logMessage - 

Error starting ApplicationContext. To display the conditions report re-run your application with 'debug' enabled.
13-05-2023 00:46:40.152 [main] ERROR o.s.boot.SpringApplication.reportFailure - Application run failed
org.springframework.beans.factory.BeanCreationException: Error creating bean with name 'liquibase' defined in class path resource [org/springframework/boot/autoconfigure/liquibase/LiquibaseAutoConfiguration$LiquibaseConfiguration.class]: Invocation of init method failed; nested exception is liquibase.exception.DatabaseException: org.postgresql.util.PSQLException: FATAL: password authentication failed for user "postgress"
	at org.springframework.beans.factory.support.AbstractAutowireCapableBeanFactory.initializeBean(AbstractAutowireCapableBeanFactory.java:1804)
	at org.springframework.beans.factory.support.AbstractAutowireCapableBeanFactory.doCreateBean(AbstractAutowireCapableBeanFactory.java:620)
	at org.springframework.beans.factory.support.AbstractAutowireCapableBeanFactory.createBean(AbstractAutowireCapableBeanFactory.java:542)
	at org.springframework.beans.factory.support.AbstractBeanFactory.lambda$doGetBean$0(AbstractBeanFactory.java:335)
	at org.springframework.beans.factory.support.DefaultSingletonBeanRegistry.getSingleton(DefaultSingletonBeanRegistry.java:234)
	at org.springframework.beans.factory.support.AbstractBeanFactory.doGetBean(AbstractBeanFactory.java:333)
	at org.springframework.beans.factory.support.AbstractBeanFactory.getBean(AbstractBeanFactory.java:208)
	at org.springframework.beans.factory.support.AbstractBeanFactory.doGetBean(AbstractBeanFactory.java:322)
	at org.springframework.beans.factory.support.AbstractBeanFactory.getBean(AbstractBeanFactory.java:208)
	at org.springframework.context.support.AbstractApplicationContext.getBean(AbstractApplicationContext.java:1154)
	at org.springframework.context.support.AbstractApplicationContext.finishBeanFactoryInitialization(AbstractApplicationContext.java:908)
	at org.springframework.context.support.AbstractApplicationContext.refresh(AbstractApplicationContext.java:583)
	at org.springframework.boot.web.servlet.context.ServletWebServerApplicationContext.refresh(ServletWebServerApplicationContext.java:147)
	at org.springframework.boot.SpringApplication.refresh(SpringApplication.java:734)
	at org.springframework.boot.SpringApplication.refreshContext(SpringApplication.java:408)
	at org.springframework.boot.SpringApplication.run(SpringApplication.java:308)
	at org.springframework.boot.SpringApplication.run(SpringApplication.java:1306)
	at org.springframework.boot.SpringApplication.run(SpringApplication.java:1295)
	at ai.openfabric.api.Application.main(Application.java:13)
Caused by: liquibase.exception.DatabaseException: org.postgresql.util.PSQLException: FATAL: password authentication failed for user "postgress"
	at liquibase.integration.spring.SpringLiquibase.afterPropertiesSet(SpringLiquibase.java:285)
	at org.springframework.beans.factory.support.AbstractAutowireCapableBeanFactory.invokeInitMethods(AbstractAutowireCapableBeanFactory.java:1863)
	at org.springframework.beans.factory.support.AbstractAutowireCapableBeanFactory.initializeBean(AbstractAutowireCapableBeanFactory.java:1800)
	... 18 common frames omitted
Caused by: org.postgresql.util.PSQLException: FATAL: password authentication failed for user "postgress"
	at org.postgresql.core.v3.ConnectionFactoryImpl.doAuthentication(ConnectionFactoryImpl.java:659)
	at org.postgresql.core.v3.ConnectionFactoryImpl.tryConnect(ConnectionFactoryImpl.java:180)
	at org.postgresql.core.v3.ConnectionFactoryImpl.openConnectionImpl(ConnectionFactoryImpl.java:235)
	at org.postgresql.core.ConnectionFactory.openConnection(ConnectionFactory.java:49)
	at org.postgresql.jdbc.PgConnection.<init>(PgConnection.java:247)
	at org.postgresql.Driver.makeConnection(Driver.java:434)
	at org.postgresql.Driver.connect(Driver.java:291)
	at com.zaxxer.hikari.util.DriverDataSource.getConnection(DriverDataSource.java:138)
	at com.zaxxer.hikari.pool.PoolBase.newConnection(PoolBase.java:364)
	at com.zaxxer.hikari.pool.PoolBase.newPoolEntry(PoolBase.java:206)
	at com.zaxxer.hikari.pool.HikariPool.createPoolEntry(HikariPool.java:476)
	at com.zaxxer.hikari.pool.HikariPool.checkFailFast(HikariPool.java:561)
	at com.zaxxer.hikari.pool.HikariPool.<init>(HikariPool.java:115)
	at com.zaxxer.hikari.HikariDataSource.getConnection(HikariDataSource.java:112)
	at liquibase.integration.spring.SpringLiquibase.afterPropertiesSet(SpringLiquibase.java:280)
	... 20 common frames omitted
13-05-2023 00:49:12.738 [main] INFO  m.p.s.DotenvPropertySource.addToEnvironment - Initializing Dotenv with DotenvConfig{directory=null, filename=null, ignoreIfMalformed=false, ignoreIfMissing=true, systemProperties=false, prefix=null}
13-05-2023 00:49:12.925 [main] INFO  ai.openfabric.api.Application.logStarting - Starting Application using Java 11.0.16.1 on Ashutosh with PID 13136 (C:\Users\Admin\Downloads\openfabric-test\openfabric-api\bin\main started by Admin in C:\Users\Admin\Downloads\openfabric-test)
13-05-2023 00:49:12.929 [main] INFO  ai.openfabric.api.Application.logStartupProfileInfo - The following 2 profiles are active: "base", "local"
13-05-2023 00:49:15.360 [main] INFO  o.s.d.r.c.RepositoryConfigurationDelegate.registerRepositoriesIn - Bootstrapping Spring Data JPA repositories in DEFAULT mode.
13-05-2023 00:49:15.517 [main] INFO  o.s.d.r.c.RepositoryConfigurationDelegate.registerRepositoriesIn - Finished Spring Data repository scanning in 115 ms. Found 1 JPA repository interfaces.
13-05-2023 00:49:18.980 [main] INFO  o.s.b.w.e.tomcat.TomcatWebServer.initialize - Tomcat initialized with port(s): 8080 (http)
13-05-2023 00:49:19.027 [main] INFO  o.a.coyote.http11.Http11NioProtocol.log - Initializing ProtocolHandler ["http-nio-8080"]
13-05-2023 00:49:19.032 [main] INFO  o.a.catalina.core.StandardService.log - Starting service [Tomcat]
13-05-2023 00:49:19.041 [main] INFO  o.a.catalina.core.StandardEngine.log - Starting Servlet engine: [Apache Tomcat/9.0.68]
13-05-2023 00:49:19.485 [main] INFO  o.a.c.c.C.[Tomcat].[localhost].[/].log - Initializing Spring embedded WebApplicationContext
13-05-2023 00:49:19.487 [main] INFO  o.s.b.w.s.c.ServletWebServerApplicationContext.prepareWebApplicationContext - Root WebApplicationContext: initialization completed in 6397 ms
13-05-2023 00:49:19.970 [main] INFO  com.zaxxer.hikari.HikariDataSource.getConnection - HikariPool-1 - Starting...
13-05-2023 00:49:20.435 [main] INFO  com.zaxxer.hikari.HikariDataSource.getConnection - HikariPool-1 - Start completed.
13-05-2023 00:49:20.880 [main] INFO  liquibase.database.log - Set default schema name to public
13-05-2023 00:49:21.141 [main] INFO  liquibase.lockservice.log - Successfully acquired change log lock
13-05-2023 00:49:21.966 [main] INFO  liquibase.changelog.log - Creating database history table with name: public.databasechangelog
13-05-2023 00:49:21.982 [main] INFO  liquibase.changelog.log - Reading from public.databasechangelog
13-05-2023 00:49:22.262 [main] INFO  liquibase.changelog.log - Custom SQL executed
13-05-2023 00:49:22.268 [main] INFO  liquibase.changelog.log - ChangeSet db/changelog/table-schema.xml::EXTENSION::andrei ran successfully in 70ms
13-05-2023 00:49:22.288 [main] INFO  liquibase.changelog.log - Custom SQL executed
13-05-2023 00:49:22.292 [main] INFO  liquibase.changelog.log - ChangeSet db/changelog/table-schema.xml::SEQUENCE::andrei ran successfully in 9ms
13-05-2023 00:49:22.315 [main] INFO  liquibase.changelog.log - Table worker created
13-05-2023 00:49:22.317 [main] INFO  liquibase.changelog.log - ChangeSet db/changelog/table-schema.xml::WO_01::andrei ran successfully in 19ms
13-05-2023 00:49:22.328 [main] INFO  liquibase.lockservice.log - Successfully released change log lock
13-05-2023 00:49:22.800 [main] INFO  o.h.jpa.internal.util.LogHelper.logPersistenceUnitInformation - HHH000204: Processing PersistenceUnitInfo [name: default]
13-05-2023 00:49:23.092 [main] INFO  org.hibernate.Version.logVersion - HHH000412: Hibernate ORM core version 5.6.12.Final
13-05-2023 00:49:23.781 [main] INFO  o.h.annotations.common.Version.<clinit> - HCANN000001: Hibernate Commons Annotations {5.1.2.Final}
13-05-2023 00:49:24.115 [main] INFO  org.hibernate.dialect.Dialect.<init> - HHH000400: Using dialect: org.hibernate.dialect.PostgreSQLDialect
13-05-2023 00:49:25.563 [main] INFO  o.h.e.t.j.p.i.JtaPlatformInitiator.initiateService - HHH000490: Using JtaPlatform implementation: [org.hibernate.engine.transaction.jta.platform.internal.NoJtaPlatform]
13-05-2023 00:49:25.614 [main] INFO  o.s.o.j.LocalContainerEntityManagerFactoryBean.buildNativeEntityManagerFactory - Initialized JPA EntityManagerFactory for persistence unit 'default'
13-05-2023 00:49:25.751 [main] WARN  o.s.b.a.o.j.JpaBaseConfiguration$JpaWebConfiguration.openEntityManagerInViewInterceptor - spring.jpa.open-in-view is enabled by default. Therefore, database queries may be performed during view rendering. Explicitly configure spring.jpa.open-in-view to disable this warning
13-05-2023 00:49:32.142 [main] INFO  com.yahoo.elide.Elide.registerCustomSerde - Registering serde for type : class java.time.Instant
13-05-2023 00:49:32.147 [main] INFO  com.yahoo.elide.Elide.registerCustomSerde - Registering serde for type : class java.time.OffsetDateTime
13-05-2023 00:49:32.659 [main] WARN  o.s.b.a.s.s.UserDetailsServiceAutoConfiguration.getOrDeducePassword - 

Using generated security password: 6b00f1bc-83fe-4c8c-917d-c28d0bce1812

This generated password is for development use only. Your security configuration must be updated before running your application in production.

13-05-2023 00:49:33.114 [main] INFO  o.s.s.web.DefaultSecurityFilterChain.<init> - Will secure any request with [org.springframework.security.web.session.DisableEncodeUrlFilter@747b8f5c, org.springframework.security.web.context.request.async.WebAsyncManagerIntegrationFilter@428440f2, org.springframework.security.web.context.SecurityContextPersistenceFilter@3dfb1626, org.springframework.security.web.header.HeaderWriterFilter@3fe33c59, org.springframework.web.filter.CorsFilter@7548e1fb, org.springframework.security.web.authentication.logout.LogoutFilter@b42d1c8, org.springframework.security.web.savedrequest.RequestCacheAwareFilter@5c70eda4, org.springframework.security.web.servletapi.SecurityContextHolderAwareRequestFilter@4707d60a, org.springframework.security.web.authentication.AnonymousAuthenticationFilter@23c24c0e, org.springframework.security.web.session.SessionManagementFilter@4eb43d2f, org.springframework.security.web.access.ExceptionTranslationFilter@2f0a29f7, org.springframework.security.web.access.intercept.FilterSecurityInterceptor@377b7798]
13-05-2023 00:49:34.034 [main] WARN  o.s.b.a.t.ThymeleafAutoConfiguration$DefaultTemplateResolverConfiguration.checkTemplateLocationExists - Cannot find template location: classpath:/templates/ (please add some templates, check your Thymeleaf configuration, or set spring.thymeleaf.check-template-location=false)
13-05-2023 00:49:34.187 [main] INFO  o.a.coyote.http11.Http11NioProtocol.log - Starting ProtocolHandler ["http-nio-8080"]
13-05-2023 00:49:34.217 [main] WARN  o.s.b.w.s.c.AnnotationConfigServletWebServerApplicationContext.refresh - Exception encountered during context initialization - cancelling refresh attempt: org.springframework.context.ApplicationContextException: Failed to start bean 'webServerStartStop'; nested exception is org.springframework.boot.web.server.PortInUseException: Port 8080 is already in use
13-05-2023 00:49:34.232 [main] INFO  o.s.o.j.LocalContainerEntityManagerFactoryBean.destroy - Closing JPA EntityManagerFactory for persistence unit 'default'
13-05-2023 00:49:34.247 [main] INFO  com.zaxxer.hikari.HikariDataSource.close - HikariPool-1 - Shutdown initiated...
13-05-2023 00:49:34.278 [main] INFO  com.zaxxer.hikari.HikariDataSource.close - HikariPool-1 - Shutdown completed.
13-05-2023 00:49:34.330 [main] INFO  o.a.coyote.http11.Http11NioProtocol.log - Pausing ProtocolHandler ["http-nio-8080"]
13-05-2023 00:49:34.383 [main] INFO  o.a.catalina.core.StandardService.log - Stopping service [Tomcat]
13-05-2023 00:49:34.434 [main] INFO  o.a.coyote.http11.Http11NioProtocol.log - Stopping ProtocolHandler ["http-nio-8080"]
13-05-2023 00:49:34.437 [main] INFO  o.a.coyote.http11.Http11NioProtocol.log - Destroying ProtocolHandler ["http-nio-8080"]
13-05-2023 00:49:34.462 [main] INFO  o.s.b.a.l.ConditionEvaluationReportLoggingListener.logMessage - 

Error starting ApplicationContext. To display the conditions report re-run your application with 'debug' enabled.
13-05-2023 00:49:34.550 [main] ERROR o.s.b.d.LoggingFailureAnalysisReporter.report - 

***************************
APPLICATION FAILED TO START
***************************

Description:

Web server failed to start. Port 8080 was already in use.

Action:

Identify and stop the process that's listening on port 8080 or configure this application to listen on another port.

13-05-2023 00:54:18.080 [main] INFO  m.p.s.DotenvPropertySource.addToEnvironment - Initializing Dotenv with DotenvConfig{directory=null, filename=null, ignoreIfMalformed=false, ignoreIfMissing=true, systemProperties=false, prefix=null}
13-05-2023 00:54:18.213 [main] INFO  ai.openfabric.api.Application.logStarting - Starting Application using Java 11.0.16.1 on Ashutosh with PID 21092 (C:\Users\Admin\Downloads\openfabric-test\openfabric-api\bin\main started by Admin in C:\Users\Admin\Downloads\openfabric-test)
13-05-2023 00:54:18.222 [main] INFO  ai.openfabric.api.Application.logStartupProfileInfo - The following 2 profiles are active: "base", "local"
13-05-2023 00:54:21.962 [main] INFO  o.s.d.r.c.RepositoryConfigurationDelegate.registerRepositoriesIn - Bootstrapping Spring Data JPA repositories in DEFAULT mode.
13-05-2023 00:54:22.265 [main] INFO  o.s.d.r.c.RepositoryConfigurationDelegate.registerRepositoriesIn - Finished Spring Data repository scanning in 266 ms. Found 1 JPA repository interfaces.
13-05-2023 00:54:25.666 [main] INFO  o.s.b.w.e.tomcat.TomcatWebServer.initialize - Tomcat initialized with port(s): 8080 (http)
13-05-2023 00:54:25.717 [main] INFO  o.a.coyote.http11.Http11NioProtocol.log - Initializing ProtocolHandler ["http-nio-8080"]
13-05-2023 00:54:25.725 [main] INFO  o.a.catalina.core.StandardService.log - Starting service [Tomcat]
13-05-2023 00:54:25.729 [main] INFO  o.a.catalina.core.StandardEngine.log - Starting Servlet engine: [Apache Tomcat/9.0.68]
13-05-2023 00:54:27.003 [main] INFO  o.a.c.c.C.[Tomcat].[localhost].[/].log - Initializing Spring embedded WebApplicationContext
13-05-2023 00:54:27.010 [main] INFO  o.s.b.w.s.c.ServletWebServerApplicationContext.prepareWebApplicationContext - Root WebApplicationContext: initialization completed in 8595 ms
13-05-2023 00:54:27.563 [main] INFO  com.zaxxer.hikari.HikariDataSource.getConnection - HikariPool-1 - Starting...
13-05-2023 00:54:28.139 [main] INFO  com.zaxxer.hikari.HikariDataSource.getConnection - HikariPool-1 - Start completed.
13-05-2023 00:54:28.666 [main] INFO  liquibase.database.log - Set default schema name to public
13-05-2023 00:54:29.097 [main] INFO  liquibase.lockservice.log - Successfully acquired change log lock
13-05-2023 00:54:30.940 [main] INFO  liquibase.changelog.log - Reading from public.databasechangelog
13-05-2023 00:54:31.508 [main] INFO  liquibase.lockservice.log - Successfully released change log lock
13-05-2023 00:54:31.866 [main] INFO  o.h.jpa.internal.util.LogHelper.logPersistenceUnitInformation - HHH000204: Processing PersistenceUnitInfo [name: default]
13-05-2023 00:54:32.072 [main] INFO  org.hibernate.Version.logVersion - HHH000412: Hibernate ORM core version 5.6.12.Final
13-05-2023 00:54:32.597 [main] INFO  o.h.annotations.common.Version.<clinit> - HCANN000001: Hibernate Commons Annotations {5.1.2.Final}
13-05-2023 00:54:33.101 [main] INFO  org.hibernate.dialect.Dialect.<init> - HHH000400: Using dialect: org.hibernate.dialect.PostgreSQLDialect
13-05-2023 00:54:34.606 [main] INFO  o.h.e.t.j.p.i.JtaPlatformInitiator.initiateService - HHH000490: Using JtaPlatform implementation: [org.hibernate.engine.transaction.jta.platform.internal.NoJtaPlatform]
13-05-2023 00:54:34.639 [main] INFO  o.s.o.j.LocalContainerEntityManagerFactoryBean.buildNativeEntityManagerFactory - Initialized JPA EntityManagerFactory for persistence unit 'default'
13-05-2023 00:54:34.742 [main] WARN  o.s.b.a.o.j.JpaBaseConfiguration$JpaWebConfiguration.openEntityManagerInViewInterceptor - spring.jpa.open-in-view is enabled by default. Therefore, database queries may be performed during view rendering. Explicitly configure spring.jpa.open-in-view to disable this warning
13-05-2023 00:54:41.212 [main] INFO  com.yahoo.elide.Elide.registerCustomSerde - Registering serde for type : class java.time.Instant
13-05-2023 00:54:41.215 [main] INFO  com.yahoo.elide.Elide.registerCustomSerde - Registering serde for type : class java.time.OffsetDateTime
13-05-2023 00:54:41.784 [main] WARN  o.s.b.a.s.s.UserDetailsServiceAutoConfiguration.getOrDeducePassword - 

Using generated security password: a1bb4cac-2d7b-4e7a-acd9-bb9aa7dc48d0

This generated password is for development use only. Your security configuration must be updated before running your application in production.

13-05-2023 00:54:42.068 [main] INFO  o.s.s.web.DefaultSecurityFilterChain.<init> - Will secure any request with [org.springframework.security.web.session.DisableEncodeUrlFilter@5a513627, org.springframework.security.web.context.request.async.WebAsyncManagerIntegrationFilter@41413c5a, org.springframework.security.web.context.SecurityContextPersistenceFilter@3c2188b0, org.springframework.security.web.header.HeaderWriterFilter@4c219c84, org.springframework.web.filter.CorsFilter@7548e1fb, org.springframework.security.web.authentication.logout.LogoutFilter@53d94a6b, org.springframework.security.web.savedrequest.RequestCacheAwareFilter@c1bcea1, org.springframework.security.web.servletapi.SecurityContextHolderAwareRequestFilter@dc6a186, org.springframework.security.web.authentication.AnonymousAuthenticationFilter@306a9cd8, org.springframework.security.web.session.SessionManagementFilter@60eb9c29, org.springframework.security.web.access.ExceptionTranslationFilter@3b6098fd, org.springframework.security.web.access.intercept.FilterSecurityInterceptor@644f033d]
13-05-2023 00:54:43.204 [main] WARN  o.s.b.a.t.ThymeleafAutoConfiguration$DefaultTemplateResolverConfiguration.checkTemplateLocationExists - Cannot find template location: classpath:/templates/ (please add some templates, check your Thymeleaf configuration, or set spring.thymeleaf.check-template-location=false)
13-05-2023 00:54:43.465 [main] INFO  o.a.coyote.http11.Http11NioProtocol.log - Starting ProtocolHandler ["http-nio-8080"]
13-05-2023 00:54:43.597 [main] INFO  o.s.b.w.e.tomcat.TomcatWebServer.start - Tomcat started on port(s): 8080 (http) with context path ''
13-05-2023 00:54:44.001 [main] INFO  ai.openfabric.api.Application.logStarted - Started Application in 27.312 seconds (JVM running for 29.433)
13-05-2023 00:55:29.752 [http-nio-8080-exec-1] INFO  o.a.c.c.C.[Tomcat].[localhost].[/].log - Initializing Spring DispatcherServlet 'dispatcherServlet'
13-05-2023 00:55:29.755 [http-nio-8080-exec-1] INFO  o.s.web.servlet.DispatcherServlet.initServletBean - Initializing Servlet 'dispatcherServlet'
13-05-2023 00:55:29.774 [http-nio-8080-exec-1] INFO  o.s.web.servlet.DispatcherServlet.initServletBean - Completed initialization in 16 ms
13-05-2023 00:55:29.879 [http-nio-8080-exec-1] WARN  o.s.web.servlet.PageNotFound.noHandlerFound - No mapping for GET /
13-05-2023 00:55:30.398 [http-nio-8080-exec-2] WARN  o.s.web.servlet.PageNotFound.noHandlerFound - No mapping for GET /favicon.ico
13-05-2023 04:29:52.808 [HikariPool-1 housekeeper] WARN  com.zaxxer.hikari.pool.HikariPool.run - HikariPool-1 - Thread starvation or clock leap detected (housekeeper delta=3h24s2ms58µs400ns).
13-05-2023 11:39:19.079 [HikariPool-1 housekeeper] WARN  com.zaxxer.hikari.pool.HikariPool.run - HikariPool-1 - Thread starvation or clock leap detected (housekeeper delta=7h9m37s652ms230µs400ns).
13-05-2023 11:48:51.087 [SpringApplicationShutdownHook] INFO  o.s.o.j.LocalContainerEntityManagerFactoryBean.destroy - Closing JPA EntityManagerFactory for persistence unit 'default'
13-05-2023 11:48:51.102 [SpringApplicationShutdownHook] INFO  com.zaxxer.hikari.HikariDataSource.close - HikariPool-1 - Shutdown initiated...
13-05-2023 11:48:51.135 [SpringApplicationShutdownHook] INFO  com.zaxxer.hikari.HikariDataSource.close - HikariPool-1 - Shutdown completed.
13-05-2023 11:51:33.638 [main] INFO  m.p.s.DotenvPropertySource.addToEnvironment - Initializing Dotenv with DotenvConfig{directory=null, filename=null, ignoreIfMalformed=false, ignoreIfMissing=true, systemProperties=false, prefix=null}
13-05-2023 11:51:33.712 [main] INFO  ai.openfabric.api.Application.logStarting - Starting Application using Java 11.0.16.1 on Ashutosh with PID 9352 (C:\Users\Admin\Downloads\openfabric-test\openfabric-api\bin\main started by Admin in C:\Users\Admin\Downloads\openfabric-test)
13-05-2023 11:51:33.726 [main] INFO  ai.openfabric.api.Application.logStartupProfileInfo - The following 2 profiles are active: "base", "local"
13-05-2023 11:51:36.488 [main] INFO  o.s.d.r.c.RepositoryConfigurationDelegate.registerRepositoriesIn - Bootstrapping Spring Data JPA repositories in DEFAULT mode.
13-05-2023 11:51:36.651 [main] INFO  o.s.d.r.c.RepositoryConfigurationDelegate.registerRepositoriesIn - Finished Spring Data repository scanning in 121 ms. Found 1 JPA repository interfaces.
13-05-2023 11:51:39.196 [main] INFO  o.s.b.w.e.tomcat.TomcatWebServer.initialize - Tomcat initialized with port(s): 8080 (http)
13-05-2023 11:51:39.231 [main] INFO  o.a.coyote.http11.Http11NioProtocol.log - Initializing ProtocolHandler ["http-nio-8080"]
13-05-2023 11:51:39.234 [main] INFO  o.a.catalina.core.StandardService.log - Starting service [Tomcat]
13-05-2023 11:51:39.235 [main] INFO  o.a.catalina.core.StandardEngine.log - Starting Servlet engine: [Apache Tomcat/9.0.68]
13-05-2023 11:51:39.579 [main] INFO  o.a.c.c.C.[Tomcat].[localhost].[/].log - Initializing Spring embedded WebApplicationContext
13-05-2023 11:51:39.582 [main] INFO  o.s.b.w.s.c.ServletWebServerApplicationContext.prepareWebApplicationContext - Root WebApplicationContext: initialization completed in 5630 ms
13-05-2023 11:51:40.217 [main] INFO  com.zaxxer.hikari.HikariDataSource.getConnection - HikariPool-1 - Starting...
13-05-2023 11:51:41.152 [main] INFO  com.zaxxer.hikari.HikariDataSource.getConnection - HikariPool-1 - Start completed.
13-05-2023 11:51:41.651 [main] INFO  liquibase.database.log - Set default schema name to public
13-05-2023 11:51:41.907 [main] INFO  liquibase.lockservice.log - Successfully acquired change log lock
13-05-2023 11:51:43.031 [main] INFO  liquibase.changelog.log - Reading from public.databasechangelog
13-05-2023 11:51:43.146 [main] INFO  liquibase.lockservice.log - Successfully released change log lock
13-05-2023 11:51:43.483 [main] INFO  o.h.jpa.internal.util.LogHelper.logPersistenceUnitInformation - HHH000204: Processing PersistenceUnitInfo [name: default]
13-05-2023 11:51:43.697 [main] INFO  org.hibernate.Version.logVersion - HHH000412: Hibernate ORM core version 5.6.12.Final
13-05-2023 11:51:44.231 [main] INFO  o.h.annotations.common.Version.<clinit> - HCANN000001: Hibernate Commons Annotations {5.1.2.Final}
13-05-2023 11:51:44.587 [main] INFO  org.hibernate.dialect.Dialect.<init> - HHH000400: Using dialect: org.hibernate.dialect.PostgreSQLDialect
13-05-2023 11:51:46.122 [main] INFO  o.h.e.t.j.p.i.JtaPlatformInitiator.initiateService - HHH000490: Using JtaPlatform implementation: [org.hibernate.engine.transaction.jta.platform.internal.NoJtaPlatform]
13-05-2023 11:51:46.152 [main] INFO  o.s.o.j.LocalContainerEntityManagerFactoryBean.buildNativeEntityManagerFactory - Initialized JPA EntityManagerFactory for persistence unit 'default'
13-05-2023 11:51:46.279 [main] WARN  o.s.b.a.o.j.JpaBaseConfiguration$JpaWebConfiguration.openEntityManagerInViewInterceptor - spring.jpa.open-in-view is enabled by default. Therefore, database queries may be performed during view rendering. Explicitly configure spring.jpa.open-in-view to disable this warning
13-05-2023 11:51:52.264 [main] INFO  com.yahoo.elide.Elide.registerCustomSerde - Registering serde for type : class java.time.OffsetDateTime
13-05-2023 11:51:52.266 [main] INFO  com.yahoo.elide.Elide.registerCustomSerde - Registering serde for type : class java.time.Instant
13-05-2023 11:51:52.656 [main] WARN  o.s.b.a.s.s.UserDetailsServiceAutoConfiguration.getOrDeducePassword - 

Using generated security password: 3a189ee6-db94-467d-a76a-6c412cd8bea5

This generated password is for development use only. Your security configuration must be updated before running your application in production.

13-05-2023 11:51:52.964 [main] INFO  o.s.s.web.DefaultSecurityFilterChain.<init> - Will secure any request with [org.springframework.security.web.session.DisableEncodeUrlFilter@5f171392, org.springframework.security.web.context.request.async.WebAsyncManagerIntegrationFilter@655295bd, org.springframework.security.web.context.SecurityContextPersistenceFilter@32fefbe6, org.springframework.security.web.header.HeaderWriterFilter@9751c9, org.springframework.web.filter.CorsFilter@994544, org.springframework.security.web.authentication.logout.LogoutFilter@34fde3a3, org.springframework.security.web.savedrequest.RequestCacheAwareFilter@3bbab2c9, org.springframework.security.web.servletapi.SecurityContextHolderAwareRequestFilter@4eb43d2f, org.springframework.security.web.authentication.AnonymousAuthenticationFilter@62cbe18c, org.springframework.security.web.session.SessionManagementFilter@34e700f4, org.springframework.security.web.access.ExceptionTranslationFilter@3e7935f1, org.springframework.security.web.access.intercept.FilterSecurityInterceptor@7b0a69b9]
13-05-2023 11:51:53.854 [main] WARN  o.s.b.a.t.ThymeleafAutoConfiguration$DefaultTemplateResolverConfiguration.checkTemplateLocationExists - Cannot find template location: classpath:/templates/ (please add some templates, check your Thymeleaf configuration, or set spring.thymeleaf.check-template-location=false)
13-05-2023 11:51:54.014 [main] INFO  o.a.coyote.http11.Http11NioProtocol.log - Starting ProtocolHandler ["http-nio-8080"]
13-05-2023 11:51:54.114 [main] INFO  o.s.b.w.e.tomcat.TomcatWebServer.start - Tomcat started on port(s): 8080 (http) with context path ''
13-05-2023 11:51:54.454 [main] INFO  ai.openfabric.api.Application.logStarted - Started Application in 21.963 seconds (JVM running for 23.29)
13-05-2023 11:52:18.883 [http-nio-8080-exec-2] INFO  o.a.c.c.C.[Tomcat].[localhost].[/].log - Initializing Spring DispatcherServlet 'dispatcherServlet'
13-05-2023 11:52:18.885 [http-nio-8080-exec-2] INFO  o.s.web.servlet.DispatcherServlet.initServletBean - Initializing Servlet 'dispatcherServlet'
13-05-2023 11:52:18.890 [http-nio-8080-exec-2] INFO  o.s.web.servlet.DispatcherServlet.initServletBean - Completed initialization in 3 ms
13-05-2023 11:52:18.999 [http-nio-8080-exec-2] WARN  o.s.web.servlet.PageNotFound.noHandlerFound - No mapping for GET /worker
13-05-2023 11:52:34.043 [http-nio-8080-exec-3] WARN  o.s.web.servlet.PageNotFound.noHandlerFound - No mapping for GET /
